[debug] [2026-01-27T16:46:03.710Z] ----------------------------------------------------------------------
[debug] [2026-01-27T16:46:03.715Z] Command:       /opt/homebrew/Cellar/node/24.6.0/bin/node /usr/local/bin/firebase projects:list
[debug] [2026-01-27T16:46:03.715Z] CLI Version:   14.7.0
[debug] [2026-01-27T16:46:03.715Z] Platform:      darwin
[debug] [2026-01-27T16:46:03.715Z] Node Version:  v24.6.0
[debug] [2026-01-27T16:46:03.715Z] Time:          Tue Jan 27 2026 22:16:03 GMT+0530 (India Standard Time)
[debug] [2026-01-27T16:46:03.715Z] ----------------------------------------------------------------------
[debug] 
[debug] [2026-01-27T16:46:03.716Z] >>> [apiv2][query] GET https://firebase-public.firebaseio.com/cli.json [none]
[debug] [2026-01-27T16:46:03.821Z] > command requires scopes: ["email","openid","https://www.googleapis.com/auth/cloudplatformprojects.readonly","https://www.googleapis.com/auth/firebase","https://www.googleapis.com/auth/cloud-platform"]
[debug] [2026-01-27T16:46:03.821Z] > authorizing via signed-in user (abhi.ist.15@gmail.com)
[debug] [2026-01-27T16:46:03.823Z] Checked if tokens are valid: false, expires at: 1747849051344
[debug] [2026-01-27T16:46:03.823Z] Checked if tokens are valid: false, expires at: 1747849051344
[debug] [2026-01-27T16:46:03.823Z] > refreshing access token with scopes: []
[debug] [2026-01-27T16:46:03.823Z] >>> [apiv2][query] POST https://www.googleapis.com/oauth2/v3/token [none]
[debug] [2026-01-27T16:46:03.823Z] >>> [apiv2][body] POST https://www.googleapis.com/oauth2/v3/token [omitted]
[debug] [2026-01-27T16:46:04.084Z] <<< [apiv2][status] POST https://www.googleapis.com/oauth2/v3/token 400
[debug] [2026-01-27T16:46:04.084Z] <<< [apiv2][body] POST https://www.googleapis.com/oauth2/v3/token [omitted]
[debug] [2026-01-27T16:46:04.084Z] >>> [apiv2][query] GET https://firebase.googleapis.com/v1beta1/projects pageSize=1000
[debug] [2026-01-27T16:46:04.378Z] <<< [apiv2][status] GET https://firebase.googleapis.com/v1beta1/projects 401
[debug] [2026-01-27T16:46:04.379Z] <<< [apiv2][body] GET https://firebase.googleapis.com/v1beta1/projects [omitted]
[debug] [2026-01-27T16:46:04.379Z] Got a 401 Unauthenticated error for a call that required authentication. Refreshing tokens.
[debug] [2026-01-27T16:46:04.379Z] Checked if tokens are valid: false, expires at: 1747849051344
[debug] [2026-01-27T16:46:04.379Z] Checked if tokens are valid: false, expires at: 1747849051344
[debug] [2026-01-27T16:46:04.379Z] > refreshing access token with scopes: []
[debug] [2026-01-27T16:46:04.379Z] >>> [apiv2][query] POST https://www.googleapis.com/oauth2/v3/token [none]
[debug] [2026-01-27T16:46:04.379Z] >>> [apiv2][body] POST https://www.googleapis.com/oauth2/v3/token [omitted]
[debug] [2026-01-27T16:46:04.483Z] <<< [apiv2][status] POST https://www.googleapis.com/oauth2/v3/token 400
[debug] [2026-01-27T16:46:04.483Z] <<< [apiv2][body] POST https://www.googleapis.com/oauth2/v3/token [omitted]
[debug] [2026-01-27T16:46:04.485Z] Request to https://firebase.googleapis.com/v1beta1/projects?pageSize=1000 had HTTP Error: 401, Request had invalid authentication credentials. Expected OAuth 2 access token, login cookie or other valid authentication credential. See https://developers.google.com/identity/sign-in/web/devconsole-project.
[debug] [2026-01-27T16:46:04.509Z] <<< [apiv2][status] GET https://firebase-public.firebaseio.com/cli.json 200
[debug] [2026-01-27T16:46:04.510Z] <<< [apiv2][body] GET https://firebase-public.firebaseio.com/cli.json {"cloudBuildErrorAfter":1594252800000,"cloudBuildWarnAfter":1590019200000,"defaultNode10After":1594252800000,"minVersion":"3.0.5","node8DeploysDisabledAfter":1613390400000,"node8RuntimeDisabledAfter":1615809600000,"node8WarnAfter":1600128000000}
[debug] [2026-01-27T16:46:04.763Z] FirebaseError: Request to https://firebase.googleapis.com/v1beta1/projects?pageSize=1000 had HTTP Error: 401, Request had invalid authentication credentials. Expected OAuth 2 access token, login cookie or other valid authentication credential. See https://developers.google.com/identity/sign-in/web/devconsole-project.
    at responseToError (/usr/local/lib/node_modules/firebase-tools/lib/responseToError.js:52:12)
    at RetryOperation._fn (/usr/local/lib/node_modules/firebase-tools/lib/apiv2.js:312:77)
    at process.processTicksAndRejections (node:internal/process/task_queues:105:5)
[error] 
[error] Error: Failed to list Firebase projects. See firebase-debug.log for more info.
